
-----------------------------------------------------------------
  pg_upgrade run on Tue Apr  4 16:15:48 2017
-----------------------------------------------------------------

You must identify the directory where the old cluster binaries reside.
Please use the -b command-line option or the PGBINOLD environment variable.
Try "pg_upgrade --help" for more information.

-----------------------------------------------------------------
  pg_upgrade run on Tue Apr  4 16:16:16 2017
-----------------------------------------------------------------

You must identify the directory where the new cluster binaries reside.
Please use the -B command-line option or the PGBINNEW environment variable.

-----------------------------------------------------------------
  pg_upgrade run on Tue Apr  4 16:16:31 2017
-----------------------------------------------------------------

You must identify the directory where the old cluster data resides.
Please use the -d command-line option or the PGDATAOLD environment variable.

-----------------------------------------------------------------
  pg_upgrade run on Tue Apr  4 16:16:41 2017
-----------------------------------------------------------------

You must identify the directory where the old cluster binaries reside.
Please use the -b command-line option or the PGBINOLD environment variable.

-----------------------------------------------------------------
  pg_upgrade run on Tue Apr  4 16:16:54 2017
-----------------------------------------------------------------

You must identify the directory where the new cluster binaries reside.
Please use the -B command-line option or the PGBINNEW environment variable.
